<?xml version="1.0" encoding="UTF-8"?>
<!-- Generated by org.testng.reporters.JUnitXMLReporter -->
<testsuite ignored="0" hostname="DESKTOP-KJ197RR" failures="1" tests="1" name="Test" time="8.239" errors="0" timestamp="2025-01-30T16:58:29 IST">
  <testcase classname="test.LoginTest" name="testLogin" time="0.0">
    <failure type="org.testng.TestNGException" message="
Cannot inject @Test annotated Method [testLogin] with [class java.lang.String, class java.lang.String].
For more information on native dependency injection please refer to https://testng.org/#_dependency_injection">
      <![CDATA[org.testng.TestNGException: 
Cannot inject @Test annotated Method [testLogin] with [class java.lang.String, class java.lang.String].
For more information on native dependency injection please refer to https://testng.org/#_dependency_injection
at java.base/java.util.ArrayList.forEach(ArrayList.java:1597)
... Removed 26 stack frames]]>
    </failure>
  </testcase> <!-- testLogin -->
</testsuite> <!-- Test -->
