<?xml version="1.0" encoding="UTF-8"?>
<!-- Generated by org.testng.reporters.JUnitXMLReporter -->
<testsuite ignored="0" hostname="DESKTOP-KJ197RR" failures="1" tests="1" name="Test" time="18.863" errors="0" timestamp="2025-02-02T22:28:28 IST">
  <testcase classname="test.PlpTest" name="plpFilters" time="1.331">
    <failure type="org.openqa.selenium.ElementClickInterceptedException" message="element click intercepted: Element &amp;lt;span class=&amp;quot;overlay-text__button button altcolour&amp;quot;&amp;gt;...&amp;lt;/span&amp;gt; is not clickable at point (505, 378). Other element would receive the click: &amp;lt;span class=&amp;quot;overlay-text__button button altcolour&amp;quot;&amp;gt;...&amp;lt;/span&amp;gt;
  (Session info: MicrosoftEdge=132.0.2957.127)
Build info: version: &amp;apos;4.27.0&amp;apos;, revision: &amp;apos;d6e718d134&amp;apos;
System info: os.name: &amp;apos;Windows 10&amp;apos;, os.arch: &amp;apos;amd64&amp;apos;, os.version: &amp;apos;10.0&amp;apos;, java.version: &amp;apos;23.0.1&amp;apos;
Driver info: org.openqa.selenium.edge.EdgeDriver
Command: [79dd18c5119261b78b17ed211557db46, clickElement {id=f.A4B6D71088442E24883C3120724DE36C.d.50ABA4BFF3AF166EF0BA7602F874ACDD.e.52}]
Capabilities {acceptInsecureCerts: false, browserName: MicrosoftEdge, browserVersion: 132.0.2957.127, fedcm:accounts: true, ms:edgeOptions: {debuggerAddress: localhost:65402}, msedge: {msedgedriverVersion: 132.0.2957.140 (a81e27b375d..., userDataDir: C:\Users\admin\AppData\Loca...}, networkConnectionEnabled: false, pageLoadStrategy: normal, platformName: windows, proxy: Proxy(), se:cdp: ws://localhost:65402/devtoo..., se:cdpVersion: 132.0.2957.127, setWindowRect: true, strictFileInteractability: false, timeouts: {implicit: 0, pageLoad: 300000, script: 30000}, unhandledPromptBehavior: dismiss and notify, webauthn:extension:credBlob: true, webauthn:extension:largeBlob: true, webauthn:extension:minPinLength: true, webauthn:extension:prf: true, webauthn:virtualAuthenticators: true}
Element: [[EdgeDriver: MicrosoftEdge on windows (79dd18c5119261b78b17ed211557db46)] -&amp;gt; xpath: (//span[@class=&amp;apos;overlay-text__button button altcolour&amp;apos;][normalize-space()=&amp;apos;Shop Now&amp;apos;])[1]]
Session ID: 79dd18c5119261b78b17ed211557db46">
      <![CDATA[org.openqa.selenium.ElementClickInterceptedException: element click intercepted: Element <span class="overlay-text__button button altcolour">...</span> is not clickable at point (505, 378). Other element would receive the click: <span class="overlay-text__button button altcolour">...</span>
  (Session info: MicrosoftEdge=132.0.2957.127)
Build info: version: '4.27.0', revision: 'd6e718d134'
System info: os.name: 'Windows 10', os.arch: 'amd64', os.version: '10.0', java.version: '23.0.1'
Driver info: org.openqa.selenium.edge.EdgeDriver
Command: [79dd18c5119261b78b17ed211557db46, clickElement {id=f.A4B6D71088442E24883C3120724DE36C.d.50ABA4BFF3AF166EF0BA7602F874ACDD.e.52}]
Capabilities {acceptInsecureCerts: false, browserName: MicrosoftEdge, browserVersion: 132.0.2957.127, fedcm:accounts: true, ms:edgeOptions: {debuggerAddress: localhost:65402}, msedge: {msedgedriverVersion: 132.0.2957.140 (a81e27b375d..., userDataDir: C:\Users\admin\AppData\Loca...}, networkConnectionEnabled: false, pageLoadStrategy: normal, platformName: windows, proxy: Proxy(), se:cdp: ws://localhost:65402/devtoo..., se:cdpVersion: 132.0.2957.127, setWindowRect: true, strictFileInteractability: false, timeouts: {implicit: 0, pageLoad: 300000, script: 30000}, unhandledPromptBehavior: dismiss and notify, webauthn:extension:credBlob: true, webauthn:extension:largeBlob: true, webauthn:extension:minPinLength: true, webauthn:extension:prf: true, webauthn:virtualAuthenticators: true}
Element: [[EdgeDriver: MicrosoftEdge on windows (79dd18c5119261b78b17ed211557db46)] -> xpath: (//span[@class='overlay-text__button button altcolour'][normalize-space()='Shop Now'])[1]]
Session ID: 79dd18c5119261b78b17ed211557db46
at org.openqa.selenium.remote.ErrorCodec.decode(ErrorCodec.java:167)
at org.openqa.selenium.remote.codec.w3c.W3CHttpResponseCodec.decode(W3CHttpResponseCodec.java:138)
at org.openqa.selenium.remote.codec.w3c.W3CHttpResponseCodec.decode(W3CHttpResponseCodec.java:50)
at org.openqa.selenium.remote.HttpCommandExecutor.execute(HttpCommandExecutor.java:190)
at org.openqa.selenium.remote.service.DriverCommandExecutor.invokeExecute(DriverCommandExecutor.java:216)
at org.openqa.selenium.remote.service.DriverCommandExecutor.execute(DriverCommandExecutor.java:174)
at org.openqa.selenium.remote.RemoteWebDriver.execute(RemoteWebDriver.java:545)
at org.openqa.selenium.remote.RemoteWebElement.execute(RemoteWebElement.java:223)
at org.openqa.selenium.remote.RemoteWebElement.click(RemoteWebElement.java:76)
at org.openqa.selenium.support.pagefactory.internal.LocatingElementHandler.invoke(LocatingElementHandler.java:51)
at jdk.proxy2/jdk.proxy2.$Proxy14.click(Unknown Source)
at pages.PlpPage.clickOnShopBtn(PlpPage.java:27)
at test.PlpTest.plpFilters(PlpTest.java:12)
at java.base/java.util.ArrayList.forEach(ArrayList.java:1597)
... Removed 30 stack frames]]>
    </failure>
  </testcase> <!-- plpFilters -->
</testsuite> <!-- Test -->
