<?xml version="1.0" encoding="UTF-8"?>
<testng-results ignored="0" total="1" passed="1" failed="0" skipped="0">
  <reporter-output>
  </reporter-output>
  <suite started-at="2025-02-13T11:07:00 IST" name="Suite" finished-at="2025-02-13T11:07:34 IST" duration-ms="33590">
    <groups>
    </groups>
    <test started-at="2025-02-13T11:07:00 IST" name="Test" finished-at="2025-02-13T11:07:34 IST" duration-ms="33590">
      <class name="test.g3fashionHomeLinks">
        <test-method signature="links()[pri:0, instance:test.g3fashionHomeLinks@222545dc]" started-at="2025-02-13T11:07:00 IST" name="links" finished-at="2025-02-13T11:07:34 IST" duration-ms="33535" status="PASS">
          <reporter-output>
          </reporter-output>
        </test-method> <!-- links -->
      </class> <!-- test.g3fashionHomeLinks -->
    </test> <!-- Test -->
  </suite> <!-- Suite -->
</testng-results>
