<?xml version="1.0" encoding="UTF-8"?>
<testng-results ignored="0" total="1" passed="1" failed="0" skipped="0">
  <reporter-output>
  </reporter-output>
  <suite started-at="2025-02-13T11:01:31 IST" name="Default suite" finished-at="2025-02-13T11:02:05 IST" duration-ms="33431">
    <groups>
    </groups>
    <test started-at="2025-02-13T11:01:31 IST" name="Default test" finished-at="2025-02-13T11:02:05 IST" duration-ms="33431">
      <class name="test.g3fashionHomeLinks">
        <test-method signature="links()[pri:0, instance:test.g3fashionHomeLinks@77c2494c]" started-at="2025-02-13T11:01:31 IST" name="links" finished-at="2025-02-13T11:02:05 IST" duration-ms="33361" status="PASS">
          <reporter-output>
          </reporter-output>
        </test-method> <!-- links -->
      </class> <!-- test.g3fashionHomeLinks -->
    </test> <!-- Default test -->
  </suite> <!-- Default suite -->
</testng-results>
